# JRE version: Java(TM) SE Runtime Environment (8.0_101-b13) (build 1.8.0_101-b13)
# Java VM: Java HotSpot(TM) 64-Bit Server VM (25.101-b13 mixed mode windows-amd64 compressed oops)
Heap:
 PSYoungGen      total 130048K, used 107745K [0x00000000d6200000, 0x00000000e4d00000, 0x0000000100000000)
  eden space 119808K, 89% used [0x00000000d6200000,0x00000000dcb38460,0x00000000dd700000)
  from space 10240K, 0% used [0x00000000dd700000,0x00000000dd700000,0x00000000de100000)
  to   space 12288K, 0% used [0x00000000e4100000,0x00000000e4100000,0x00000000e4d00000)
 ParOldGen       total 68608K, used 16235K [0x0000000082600000, 0x0000000086900000, 0x00000000d6200000)
  object space 68608K, 23% used [0x0000000082600000,0x00000000835dace0,0x0000000086900000)
 Metaspace       used 40462K, capacity 43050K, committed 43264K, reserved 1087488K
  class space    used 5433K, capacity 5872K, committed 5888K, reserved 1048576K
GC Heap History (10 events):
Event: 2.150 GC heap before
{Heap before GC invocations=5 (full 1):
 PSYoungGen      total 70656K, used 5101K [0x00000000d6200000, 0x00000000dac00000, 0x0000000100000000)
  eden space 65536K, 0% used [0x00000000d6200000,0x00000000d6200000,0x00000000da200000)
  from space 5120K, 99% used [0x00000000da700000,0x00000000dabfb7e0,0x00000000dac00000)
  to   space 5120K, 0% used [0x00000000da200000,0x00000000da200000,0x00000000da700000)
 ParOldGen       total 86016K, used 6145K [0x0000000082600000, 0x0000000087a00000, 0x00000000d6200000)
  object space 86016K, 7% used [0x0000000082600000,0x0000000082c007b8,0x0000000087a00000)
 Metaspace       used 20349K, capacity 21218K, committed 21296K, reserved 1067008K
  class space    used 2668K, capacity 2875K, committed 2944K, reserved 1048576K
Event: 2.172 GC heap after
Heap after GC invocations=5 (full 1):
 PSYoungGen      total 70656K, used 0K [0x00000000d6200000, 0x00000000dac00000, 0x0000000100000000)
  eden space 65536K, 0% used [0x00000000d6200000,0x00000000d6200000,0x00000000da200000)
  from space 5120K, 0% used [0x00000000da700000,0x00000000da700000,0x00000000dac00000)
  to   space 5120K, 0% used [0x00000000da200000,0x00000000da200000,0x00000000da700000)
 ParOldGen       total 47104K, used 5453K [0x0000000082600000, 0x0000000085400000, 0x00000000d6200000)
  object space 47104K, 11% used [0x0000000082600000,0x0000000082b535d8,0x0000000085400000)
 Metaspace       used 20349K, capacity 21218K, committed 21296K, reserved 1067008K
  class space    used 2668K, capacity 2875K, committed 2944K, reserved 1048576K
}
Event: 2.616 GC heap before
{Heap before GC invocations=6 (full 1):
 PSYoungGen      total 70656K, used 65536K [0x00000000d6200000, 0x00000000dac00000, 0x0000000100000000)
  eden space 65536K, 100% used [0x00000000d6200000,0x00000000da200000,0x00000000da200000)
  from space 5120K, 0% used [0x00000000da700000,0x00000000da700000,0x00000000dac00000)
  to   space 5120K, 0% used [0x00000000da200000,0x00000000da200000,0x00000000da700000)
 ParOldGen       total 47104K, used 5453K [0x0000000082600000, 0x0000000085400000, 0x00000000d6200000)
  object space 47104K, 11% used [0x0000000082600000,0x0000000082b535d8,0x0000000085400000)
 Metaspace       used 23783K, capacity 24940K, committed 25088K, reserved 1071104K
  class space    used 3215K, capacity 3490K, committed 3584K, reserved 1048576K
Event: 2.620 GC heap after
Heap after GC invocations=6 (full 1):
 PSYoungGen      total 70656K, used 5112K [0x00000000d6200000, 0x00000000deb00000, 0x0000000100000000)
  eden space 65536K, 0% used [0x00000000d6200000,0x00000000d6200000,0x00000000da200000)
  from space 5120K, 99% used [0x00000000da200000,0x00000000da6fe050,0x00000000da700000)
  to   space 9216K, 0% used [0x00000000de200000,0x00000000de200000,0x00000000deb00000)
 ParOldGen       total 47104K, used 6846K [0x0000000082600000, 0x0000000085400000, 0x00000000d6200000)
  object space 47104K, 14% used [0x0000000082600000,0x0000000082caf970,0x0000000085400000)
 Metaspace       used 23783K, capacity 24940K, committed 25088K, reserved 1071104K
  class space    used 3215K, capacity 3490K, committed 3584K, reserved 1048576K
}
Event: 3.057 GC heap before
{Heap before GC invocations=7 (full 1):
 PSYoungGen      total 70656K, used 70648K [0x00000000d6200000, 0x00000000deb00000, 0x0000000100000000)
  eden space 65536K, 100% used [0x00000000d6200000,0x00000000da200000,0x00000000da200000)
  from space 5120K, 99% used [0x00000000da200000,0x00000000da6fe050,0x00000000da700000)
  to   space 9216K, 0% used [0x00000000de200000,0x00000000de200000,0x00000000deb00000)
 ParOldGen       total 47104K, used 6846K [0x0000000082600000, 0x0000000085400000, 0x00000000d6200000)
  object space 47104K, 14% used [0x0000000082600000,0x0000000082caf970,0x0000000085400000)
 Metaspace       used 28377K, capacity 30194K, committed 30336K, reserved 1075200K
  class space    used 3844K, capacity 4189K, committed 4224K, reserved 1048576K
Event: 3.063 GC heap after
Heap after GC invocations=7 (full 1):
 PSYoungGen      total 129024K, used 9207K [0x00000000d6200000, 0x00000000deb00000, 0x0000000100000000)
  eden space 119808K, 0% used [0x00000000d6200000,0x00000000d6200000,0x00000000dd700000)
  from space 9216K, 99% used [0x00000000de200000,0x00000000deafdfa8,0x00000000deb00000)
  to   space 10240K, 0% used [0x00000000dd700000,0x00000000dd700000,0x00000000de100000)
 ParOldGen       total 47104K, used 6951K [0x0000000082600000, 0x0000000085400000, 0x00000000d6200000)
  object space 47104K, 14% used [0x0000000082600000,0x0000000082cc9ef0,0x0000000085400000)
 Metaspace       used 28377K, capacity 30194K, committed 30336K, reserved 1075200K
  class space    used 3844K, capacity 4189K, committed 4224K, reserved 1048576K
}
Event: 3.546 GC heap before
{Heap before GC invocations=8 (full 1):
 PSYoungGen      total 129024K, used 87190K [0x00000000d6200000, 0x00000000deb00000, 0x0000000100000000)
  eden space 119808K, 65% used [0x00000000d6200000,0x00000000dae27958,0x00000000dd700000)
  from space 9216K, 99% used [0x00000000de200000,0x00000000deafdfa8,0x00000000deb00000)
  to   space 10240K, 0% used [0x00000000dd700000,0x00000000dd700000,0x00000000de100000)
 ParOldGen       total 47104K, used 6951K [0x0000000082600000, 0x0000000085400000, 0x00000000d6200000)
  object space 47104K, 14% used [0x0000000082600000,0x0000000082cc9ef0,0x0000000085400000)
 Metaspace       used 33451K, capacity 35398K, committed 35496K, reserved 1079296K
  class space    used 4438K, capacity 4823K, committed 4864K, reserved 1048576K
Event: 3.556 GC heap after
Heap after GC invocations=8 (full 1):
 PSYoungGen      total 130048K, used 10230K [0x00000000d6200000, 0x00000000e4d00000, 0x0000000100000000)
  eden space 119808K, 0% used [0x00000000d6200000,0x00000000d6200000,0x00000000dd700000)
  from space 10240K, 99% used [0x00000000dd700000,0x00000000de0fd8a8,0x00000000de100000)
  to   space 12288K, 0% used [0x00000000e4100000,0x00000000e4100000,0x00000000e4d00000)
 ParOldGen       total 47104K, used 8190K [0x0000000082600000, 0x0000000085400000, 0x00000000d6200000)
  object space 47104K, 17% used [0x0000000082600000,0x0000000082dff8e0,0x0000000085400000)
 Metaspace       used 33451K, capacity 35398K, committed 35496K, reserved 1079296K
  class space    used 4438K, capacity 4823K, committed 4864K, reserved 1048576K
}
Event: 3.556 GC heap before
{Heap before GC invocations=9 (full 2):
 PSYoungGen      total 130048K, used 10230K [0x00000000d6200000, 0x00000000e4d00000, 0x0000000100000000)
  eden space 119808K, 0% used [0x00000000d6200000,0x00000000d6200000,0x00000000dd700000)
  from space 10240K, 99% used [0x00000000dd700000,0x00000000de0fd8a8,0x00000000de100000)
  to   space 12288K, 0% used [0x00000000e4100000,0x00000000e4100000,0x00000000e4d00000)
 ParOldGen       total 47104K, used 8190K [0x0000000082600000, 0x0000000085400000, 0x00000000d6200000)
  object space 47104K, 17% used [0x0000000082600000,0x0000000082dff8e0,0x0000000085400000)
 Metaspace       used 33451K, capacity 35398K, committed 35496K, reserved 1079296K
  class space    used 4438K, capacity 4823K, committed 4864K, reserved 1048576K
Event: 3.595 GC heap after
Heap after GC invocations=9 (full 2):
 PSYoungGen      total 130048K, used 0K [0x00000000d6200000, 0x00000000e4d00000, 0x0000000100000000)
  eden space 119808K, 0% used [0x00000000d6200000,0x00000000d6200000,0x00000000dd700000)
  from space 10240K, 0% used [0x00000000dd700000,0x00000000dd700000,0x00000000de100000)
  to   space 12288K, 0% used [0x00000000e4100000,0x00000000e4100000,0x00000000e4d00000)
 ParOldGen       total 68608K, used 16235K [0x0000000082600000, 0x0000000086900000, 0x00000000d6200000)
  object space 68608K, 23% used [0x0000000082600000,0x00000000835dace0,0x0000000086900000)
 Metaspace       used 33451K, capacity 35398K, committed 35496K, reserved 1079296K
  class space    used 4438K, capacity 4823K, committed 4864K, reserved 1048576K
}

