# JRE version: Java(TM) SE Runtime Environment (8.0_101-b13) (build 1.8.0_101-b13)
# Java VM: Java HotSpot(TM) 64-Bit Server VM (25.101-b13 mixed mode windows-amd64 compressed oops)
Heap:
 PSYoungGen      total 151040K, used 88166K [0x00000000d6200000, 0x00000000e0980000, 0x0000000100000000)
  eden space 139776K, 55% used [0x00000000d6200000,0x00000000dad913b8,0x00000000dea80000)
  from space 11264K, 95% used [0x00000000dfe80000,0x00000000e09084e8,0x00000000e0980000)
  to   space 13312K, 0% used [0x00000000def80000,0x00000000def80000,0x00000000dfc80000)
 ParOldGen       total 90624K, used 16214K [0x0000000082600000, 0x0000000087e80000, 0x00000000d6200000)
  object space 90624K, 17% used [0x0000000082600000,0x00000000835d5b78,0x0000000087e80000)
 Metaspace       used 44625K, capacity 47312K, committed 47616K, reserved 1091584K
  class space    used 5837K, capacity 6321K, committed 6400K, reserved 1048576K
GC Heap History (10 events):
Event: 1.755 GC heap before
{Heap before GC invocations=6 (full 1):
 PSYoungGen      total 70656K, used 65536K [0x00000000d6200000, 0x00000000dac00000, 0x0000000100000000)
  eden space 65536K, 100% used [0x00000000d6200000,0x00000000da200000,0x00000000da200000)
  from space 5120K, 0% used [0x00000000da700000,0x00000000da700000,0x00000000dac00000)
  to   space 5120K, 0% used [0x00000000da200000,0x00000000da200000,0x00000000da700000)
 ParOldGen       total 56320K, used 5639K [0x0000000082600000, 0x0000000085d00000, 0x00000000d6200000)
  object space 56320K, 10% used [0x0000000082600000,0x0000000082b81d28,0x0000000085d00000)
 Metaspace       used 23886K, capacity 25088K, committed 25344K, reserved 1071104K
  class space    used 3229K, capacity 3492K, committed 3584K, reserved 1048576K
Event: 1.759 GC heap after
Heap after GC invocations=6 (full 1):
 PSYoungGen      total 70656K, used 5103K [0x00000000d6200000, 0x00000000dd700000, 0x0000000100000000)
  eden space 65536K, 0% used [0x00000000d6200000,0x00000000d6200000,0x00000000da200000)
  from space 5120K, 99% used [0x00000000da200000,0x00000000da6fbe18,0x00000000da700000)
  to   space 9216K, 0% used [0x00000000dce00000,0x00000000dce00000,0x00000000dd700000)
 ParOldGen       total 56320K, used 7163K [0x0000000082600000, 0x0000000085d00000, 0x00000000d6200000)
  object space 56320K, 12% used [0x0000000082600000,0x0000000082cfee78,0x0000000085d00000)
 Metaspace       used 23886K, capacity 25088K, committed 25344K, reserved 1071104K
  class space    used 3229K, capacity 3492K, committed 3584K, reserved 1048576K
}
Event: 2.118 GC heap before
{Heap before GC invocations=7 (full 1):
 PSYoungGen      total 70656K, used 70639K [0x00000000d6200000, 0x00000000dd700000, 0x0000000100000000)
  eden space 65536K, 100% used [0x00000000d6200000,0x00000000da200000,0x00000000da200000)
  from space 5120K, 99% used [0x00000000da200000,0x00000000da6fbe18,0x00000000da700000)
  to   space 9216K, 0% used [0x00000000dce00000,0x00000000dce00000,0x00000000dd700000)
 ParOldGen       total 56320K, used 7163K [0x0000000082600000, 0x0000000085d00000, 0x00000000d6200000)
  object space 56320K, 12% used [0x0000000082600000,0x0000000082cfee78,0x0000000085d00000)
 Metaspace       used 28516K, capacity 30294K, committed 30336K, reserved 1075200K
  class space    used 3857K, capacity 4221K, committed 4224K, reserved 1048576K
Event: 2.123 GC heap after
Heap after GC invocations=7 (full 1):
 PSYoungGen      total 108544K, used 9209K [0x00000000d6200000, 0x00000000dd800000, 0x0000000100000000)
  eden space 99328K, 0% used [0x00000000d6200000,0x00000000d6200000,0x00000000dc300000)
  from space 9216K, 99% used [0x00000000dce00000,0x00000000dd6fe6d8,0x00000000dd700000)
  to   space 10752K, 0% used [0x00000000dc300000,0x00000000dc300000,0x00000000dcd80000)
 ParOldGen       total 56320K, used 7698K [0x0000000082600000, 0x0000000085d00000, 0x00000000d6200000)
  object space 56320K, 13% used [0x0000000082600000,0x0000000082d84858,0x0000000085d00000)
 Metaspace       used 28516K, capacity 30294K, committed 30336K, reserved 1075200K
  class space    used 3857K, capacity 4221K, committed 4224K, reserved 1048576K
}
Event: 2.456 GC heap before
{Heap before GC invocations=8 (full 1):
 PSYoungGen      total 108544K, used 83627K [0x00000000d6200000, 0x00000000dd800000, 0x0000000100000000)
  eden space 99328K, 74% used [0x00000000d6200000,0x00000000daaac870,0x00000000dc300000)
  from space 9216K, 99% used [0x00000000dce00000,0x00000000dd6fe6d8,0x00000000dd700000)
  to   space 10752K, 0% used [0x00000000dc300000,0x00000000dc300000,0x00000000dcd80000)
 ParOldGen       total 56320K, used 7698K [0x0000000082600000, 0x0000000085d00000, 0x00000000d6200000)
  object space 56320K, 13% used [0x0000000082600000,0x0000000082d84858,0x0000000085d00000)
 Metaspace       used 33442K, capacity 35402K, committed 35496K, reserved 1079296K
  class space    used 4430K, capacity 4823K, committed 4864K, reserved 1048576K
Event: 2.462 GC heap after
Heap after GC invocations=8 (full 1):
 PSYoungGen      total 110080K, used 10731K [0x00000000d6200000, 0x00000000e0a80000, 0x0000000100000000)
  eden space 99328K, 0% used [0x00000000d6200000,0x00000000d6200000,0x00000000dc300000)
  from space 10752K, 99% used [0x00000000dc300000,0x00000000dcd7ac30,0x00000000dcd80000)
  to   space 12288K, 0% used [0x00000000dfe80000,0x00000000dfe80000,0x00000000e0a80000)
 ParOldGen       total 56320K, used 8659K [0x0000000082600000, 0x0000000085d00000, 0x00000000d6200000)
  object space 56320K, 15% used [0x0000000082600000,0x0000000082e74f48,0x0000000085d00000)
 Metaspace       used 33442K, capacity 35402K, committed 35496K, reserved 1079296K
  class space    used 4430K, capacity 4823K, committed 4864K, reserved 1048576K
}
Event: 2.462 GC heap before
{Heap before GC invocations=9 (full 2):
 PSYoungGen      total 110080K, used 10731K [0x00000000d6200000, 0x00000000e0a80000, 0x0000000100000000)
  eden space 99328K, 0% used [0x00000000d6200000,0x00000000d6200000,0x00000000dc300000)
  from space 10752K, 99% used [0x00000000dc300000,0x00000000dcd7ac30,0x00000000dcd80000)
  to   space 12288K, 0% used [0x00000000dfe80000,0x00000000dfe80000,0x00000000e0a80000)
 ParOldGen       total 56320K, used 8659K [0x0000000082600000, 0x0000000085d00000, 0x00000000d6200000)
  object space 56320K, 15% used [0x0000000082600000,0x0000000082e74f48,0x0000000085d00000)
 Metaspace       used 33442K, capacity 35402K, committed 35496K, reserved 1079296K
  class space    used 4430K, capacity 4823K, committed 4864K, reserved 1048576K
Event: 2.497 GC heap after
Heap after GC invocations=9 (full 2):
 PSYoungGen      total 110080K, used 0K [0x00000000d6200000, 0x00000000e0a80000, 0x0000000100000000)
  eden space 99328K, 0% used [0x00000000d6200000,0x00000000d6200000,0x00000000dc300000)
  from space 10752K, 0% used [0x00000000dc300000,0x00000000dc300000,0x00000000dcd80000)
  to   space 12288K, 0% used [0x00000000dfe80000,0x00000000dfe80000,0x00000000e0a80000)
 ParOldGen       total 90624K, used 16206K [0x0000000082600000, 0x0000000087e80000, 0x00000000d6200000)
  object space 90624K, 17% used [0x0000000082600000,0x00000000835d3b78,0x0000000087e80000)
 Metaspace       used 33442K, capacity 35402K, committed 35496K, reserved 1079296K
  class space    used 4430K, capacity 4823K, committed 4864K, reserved 1048576K
}
Event: 11.825 GC heap before
{Heap before GC invocations=10 (full 2):
 PSYoungGen      total 110080K, used 99328K [0x00000000d6200000, 0x00000000e0a80000, 0x0000000100000000)
  eden space 99328K, 100% used [0x00000000d6200000,0x00000000dc300000,0x00000000dc300000)
  from space 10752K, 0% used [0x00000000dc300000,0x00000000dc300000,0x00000000dcd80000)
  to   space 12288K, 0% used [0x00000000dfe80000,0x00000000dfe80000,0x00000000e0a80000)
 ParOldGen       total 90624K, used 16206K [0x0000000082600000, 0x0000000087e80000, 0x00000000d6200000)
  object space 90624K, 17% used [0x0000000082600000,0x00000000835d3b78,0x0000000087e80000)
 Metaspace       used 41286K, capacity 43946K, committed 44160K, reserved 1087488K
  class space    used 5437K, capacity 5914K, committed 6016K, reserved 1048576K
Event: 11.837 GC heap after
Heap after GC invocations=10 (full 2):
 PSYoungGen      total 151040K, used 10785K [0x00000000d6200000, 0x00000000e0980000, 0x0000000100000000)
  eden space 139776K, 0% used [0x00000000d6200000,0x00000000d6200000,0x00000000dea80000)
  from space 11264K, 95% used [0x00000000dfe80000,0x00000000e09084e8,0x00000000e0980000)
  to   space 13312K, 0% used [0x00000000def80000,0x00000000def80000,0x00000000dfc80000)
 ParOldGen       total 90624K, used 16214K [0x0000000082600000, 0x0000000087e80000, 0x00000000d6200000)
  object space 90624K, 17% used [0x0000000082600000,0x00000000835d5b78,0x0000000087e80000)
 Metaspace       used 41286K, capacity 43946K, committed 44160K, reserved 1087488K
  class space    used 5437K, capacity 5914K, committed 6016K, reserved 1048576K
}

